<?xml version="1.0" encoding="UTF-8"?>
<!-- Generated by org.testng.reporters.JUnitReportReporter -->
<testsuite hostname="DESKTOP-L572LKQ" name="Qaclickacademy.appiumTest" tests="2" failures="0" timestamp="7 Nov 2019 17:21:23 GMT" time="0.004" errors="0">
  <testcase name="mobileapp" time="0.000" classname="Qaclickacademy.appiumTest"/>
  <testcase name="iosapp" time="0.004" classname="Qaclickacademy.appiumTest"/>
</testsuite> <!-- Qaclickacademy.appiumTest -->
