<?xml version="1.0" encoding="UTF-8"?>
<!-- Generated by org.testng.reporters.JUnitReportReporter -->
<testsuite skipped="0" hostname="DESKTOP-L572LKQ" name="Qaclickacademy.seleniumTest" tests="2" failures="0" timestamp="08 Nov 2019 16:49:50 GMT" time="0.004" errors="0">
  <testcase name="elementsui" time="0.000" classname="Qaclickacademy.seleniumTest"/>
  <testcase name="Browserautomation" time="0.004" classname="Qaclickacademy.seleniumTest"/>
</testsuite> <!-- Qaclickacademy.seleniumTest -->
