<?xml version="1.0" encoding="UTF-8"?>
<!-- Generated by org.testng.reporters.JUnitReportReporter -->
<testsuite skipped="0" hostname="DESKTOP-L572LKQ" name="Qaclickacademy.appiumTest" tests="2" failures="0" timestamp="08 Nov 2019 16:49:50 GMT" time="0.011" errors="0">
  <testcase name="iosapp" time="0.011" classname="Qaclickacademy.appiumTest"/>
  <testcase name="mobileapp" time="0.000" classname="Qaclickacademy.appiumTest"/>
</testsuite> <!-- Qaclickacademy.appiumTest -->
